# JRE version: 7.0_11-b21
# Java VM: Java HotSpot(TM) Client VM (23.6-b04 mixed mode, sharing windows-x86 )
Heap
 def new generation   total 6336K, used 4486K [0x23c30000, 0x24300000, 0x29180000)
  eden space 5696K,  72% used [0x23c30000, 0x2403d7c8, 0x241c0000)
  from space 640K,  52% used [0x241c0000, 0x24214400, 0x24260000)
  to   space 640K,   0% used [0x24260000, 0x24260000, 0x24300000)
 tenured generation   total 13792K, used 8560K [0x29180000, 0x29ef8000, 0x33c30000)
   the space 13792K,  62% used [0x29180000, 0x299dc308, 0x299dc400, 0x29ef8000)
 compacting perm gen  total 12288K, used 11615K [0x33c30000, 0x34830000, 0x37c30000)
   the space 12288K,  94% used [0x33c30000, 0x34787cd0, 0x34787e00, 0x34830000)
    ro space 10240K,  42% used [0x37c30000, 0x38070ce0, 0x38070e00, 0x38630000)
    rw space 12288K,  54% used [0x38630000, 0x38cb0e30, 0x38cb1000, 0x39230000)
GC Heap History (10 events):
Event: 5.449 GC heap before
{Heap before GC invocations=28 (full 0):
 def new generation   total 4928K, used 4651K [0x23c30000, 0x24180000, 0x29180000)
  eden space 4416K, 100% used [0x23c30000, 0x24080000, 0x24080000)
  from space 512K,  46% used [0x24080000, 0x240baf20, 0x24100000)
  to   space 512K,   0% used [0x24100000, 0x24100000, 0x24180000)
 tenured generation   total 10944K, used 10914K [0x29180000, 0x29c30000, 0x33c30000)
   the space 10944K,  99% used [0x29180000, 0x29c28ad0, 0x29c28c00, 0x29c30000)
 compacting perm gen  total 12288K, used 11557K [0x33c30000, 0x34830000, 0x37c30000)
   the space 12288K,  94% used [0x33c30000, 0x34779458, 0x34779600, 0x34830000)
    ro space 10240K,  42% used [0x37c30000, 0x38070ce0, 0x38070e00, 0x38630000)
    rw space 12288K,  54% used [0x38630000, 0x38cb0e30, 0x38cb1000, 0x39230000)
Event: 5.546 GC heap after
Heap after GC invocations=29 (full 1):
 def new generation   total 6336K, used 0K [0x23c30000, 0x24300000, 0x29180000)
  eden space 5696K,   0% used [0x23c30000, 0x23c30000, 0x241c0000)
  from space 640K,   0% used [0x241c0000, 0x241c0000, 0x24260000)
  to   space 640K,   0% used [0x24260000, 0x24260000, 0x24300000)
 tenured generation   total 13792K, used 8273K [0x29180000, 0x29ef8000, 0x33c30000)
   the space 13792K,  59% used [0x29180000, 0x299947f8, 0x29994800, 0x29ef8000)
 compacting perm gen  total 12288K, used 11557K [0x33c30000, 0x34830000, 0x37c30000)
   the space 12288K,  94% used [0x33c30000, 0x34779458, 0x34779600, 0x34830000)
    ro space 10240K,  42% used [0x37c30000, 0x38070ce0, 0x38070e00, 0x38630000)
    rw space 12288K,  54% used [0x38630000, 0x38cb0e30, 0x38cb1000, 0x39230000)
}
Event: 5.664 GC heap before
{Heap before GC invocations=29 (full 1):
 def new generation   total 6336K, used 5696K [0x23c30000, 0x24300000, 0x29180000)
  eden space 5696K, 100% used [0x23c30000, 0x241c0000, 0x241c0000)
  from space 640K,   0% used [0x241c0000, 0x241c0000, 0x24260000)
  to   space 640K,   0% used [0x24260000, 0x24260000, 0x24300000)
 tenured generation   total 13792K, used 8273K [0x29180000, 0x29ef8000, 0x33c30000)
   the space 13792K,  59% used [0x29180000, 0x299947f8, 0x29994800, 0x29ef8000)
 compacting perm gen  total 12288K, used 11565K [0x33c30000, 0x34830000, 0x37c30000)
   the space 12288K,  94% used [0x33c30000, 0x3477b6b8, 0x3477b800, 0x34830000)
    ro space 10240K,  42% used [0x37c30000, 0x38070ce0, 0x38070e00, 0x38630000)
    rw space 12288K,  54% used [0x38630000, 0x38cb0e30, 0x38cb1000, 0x39230000)
Event: 5.667 GC heap after
Heap after GC invocations=30 (full 1):
 def new generation   total 6336K, used 148K [0x23c30000, 0x24300000, 0x29180000)
  eden space 5696K,   0% used [0x23c30000, 0x23c30000, 0x241c0000)
  from space 640K,  23% used [0x24260000, 0x24285078, 0x24300000)
  to   space 640K,   0% used [0x241c0000, 0x241c0000, 0x24260000)
 tenured generation   total 13792K, used 8273K [0x29180000, 0x29ef8000, 0x33c30000)
   the space 13792K,  59% used [0x29180000, 0x299947f8, 0x29994800, 0x29ef8000)
 compacting perm gen  total 12288K, used 11565K [0x33c30000, 0x34830000, 0x37c30000)
   the space 12288K,  94% used [0x33c30000, 0x3477b6b8, 0x3477b800, 0x34830000)
    ro space 10240K,  42% used [0x37c30000, 0x38070ce0, 0x38070e00, 0x38630000)
    rw space 12288K,  54% used [0x38630000, 0x38cb0e30, 0x38cb1000, 0x39230000)
}
Event: 5.762 GC heap before
{Heap before GC invocations=30 (full 1):
 def new generation   total 6336K, used 5844K [0x23c30000, 0x24300000, 0x29180000)
  eden space 5696K, 100% used [0x23c30000, 0x241c0000, 0x241c0000)
  from space 640K,  23% used [0x24260000, 0x24285078, 0x24300000)
  to   space 640K,   0% used [0x241c0000, 0x241c0000, 0x24260000)
 tenured generation   total 13792K, used 8273K [0x29180000, 0x29ef8000, 0x33c30000)
   the space 13792K,  59% used [0x29180000, 0x299947f8, 0x29994800, 0x29ef8000)
 compacting perm gen  total 12288K, used 11601K [0x33c30000, 0x34830000, 0x37c30000)
   the space 12288K,  94% used [0x33c30000, 0x34784540, 0x34784600, 0x34830000)
    ro space 10240K,  42% used [0x37c30000, 0x38070ce0, 0x38070e00, 0x38630000)
    rw space 12288K,  54% used [0x38630000, 0x38cb0e30, 0x38cb1000, 0x39230000)
Event: 5.765 GC heap after
Heap after GC invocations=31 (full 1):
 def new generation   total 6336K, used 351K [0x23c30000, 0x24300000, 0x29180000)
  eden space 5696K,   0% used [0x23c30000, 0x23c30000, 0x241c0000)
  from space 640K,  54% used [0x241c0000, 0x24217f40, 0x24260000)
  to   space 640K,   0% used [0x24260000, 0x24260000, 0x24300000)
 tenured generation   total 13792K, used 8273K [0x29180000, 0x29ef8000, 0x33c30000)
   the space 13792K,  59% used [0x29180000, 0x299947f8, 0x29994800, 0x29ef8000)
 compacting perm gen  total 12288K, used 11601K [0x33c30000, 0x34830000, 0x37c30000)
   the space 12288K,  94% used [0x33c30000, 0x34784540, 0x34784600, 0x34830000)
    ro space 10240K,  42% used [0x37c30000, 0x38070ce0, 0x38070e00, 0x38630000)
    rw space 12288K,  54% used [0x38630000, 0x38cb0e30, 0x38cb1000, 0x39230000)
}
Event: 5.836 GC heap before
{Heap before GC invocations=31 (full 1):
 def new generation   total 6336K, used 6047K [0x23c30000, 0x24300000, 0x29180000)
  eden space 5696K, 100% used [0x23c30000, 0x241c0000, 0x241c0000)
  from space 640K,  54% used [0x241c0000, 0x24217f40, 0x24260000)
  to   space 640K,   0% used [0x24260000, 0x24260000, 0x24300000)
 tenured generation   total 13792K, used 8273K [0x29180000, 0x29ef8000, 0x33c30000)
   the space 13792K,  59% used [0x29180000, 0x299947f8, 0x29994800, 0x29ef8000)
 compacting perm gen  total 12288K, used 11614K [0x33c30000, 0x34830000, 0x37c30000)
   the space 12288K,  94% used [0x33c30000, 0x347878d8, 0x34787a00, 0x34830000)
    ro space 10240K,  42% used [0x37c30000, 0x38070ce0, 0x38070e00, 0x38630000)
    rw space 12288K,  54% used [0x38630000, 0x38cb0e30, 0x38cb1000, 0x39230000)
Event: 5.840 GC heap after
Heap after GC invocations=32 (full 1):
 def new generation   total 6336K, used 369K [0x23c30000, 0x24300000, 0x29180000)
  eden space 5696K,   0% used [0x23c30000, 0x23c30000, 0x241c0000)
  from space 640K,  57% used [0x24260000, 0x242bc488, 0x24300000)
  to   space 640K,   0% used [0x241c0000, 0x241c0000, 0x24260000)
 tenured generation   total 13792K, used 8390K [0x29180000, 0x29ef8000, 0x33c30000)
   the space 13792K,  60% used [0x29180000, 0x299b1a58, 0x299b1c00, 0x29ef8000)
 compacting perm gen  total 12288K, used 11614K [0x33c30000, 0x34830000, 0x37c30000)
   the space 12288K,  94% used [0x33c30000, 0x347878d8, 0x34787a00, 0x34830000)
    ro space 10240K,  42% used [0x37c30000, 0x38070ce0, 0x38070e00, 0x38630000)
    rw space 12288K,  54% used [0x38630000, 0x38cb0e30, 0x38cb1000, 0x39230000)
}
Event: 5.923 GC heap before
{Heap before GC invocations=32 (full 1):
 def new generation   total 6336K, used 6065K [0x23c30000, 0x24300000, 0x29180000)
  eden space 5696K, 100% used [0x23c30000, 0x241c0000, 0x241c0000)
  from space 640K,  57% used [0x24260000, 0x242bc488, 0x24300000)
  to   space 640K,   0% used [0x241c0000, 0x241c0000, 0x24260000)
 tenured generation   total 13792K, used 8390K [0x29180000, 0x29ef8000, 0x33c30000)
   the space 13792K,  60% used [0x29180000, 0x299b1a58, 0x299b1c00, 0x29ef8000)
 compacting perm gen  total 12288K, used 11614K [0x33c30000, 0x34830000, 0x37c30000)
   the space 12288K,  94% used [0x33c30000, 0x347878d8, 0x34787a00, 0x34830000)
    ro space 10240K,  42% used [0x37c30000, 0x38070ce0, 0x38070e00, 0x38630000)
    rw space 12288K,  54% used [0x38630000, 0x38cb0e30, 0x38cb1000, 0x39230000)
Event: 5.925 GC heap after
Heap after GC invocations=33 (full 1):
 def new generation   total 6336K, used 337K [0x23c30000, 0x24300000, 0x29180000)
  eden space 5696K,   0% used [0x23c30000, 0x23c30000, 0x241c0000)
  from space 640K,  52% used [0x241c0000, 0x24214400, 0x24260000)
  to   space 640K,   0% used [0x24260000, 0x24260000, 0x24300000)
 tenured generation   total 13792K, used 8560K [0x29180000, 0x29ef8000, 0x33c30000)
   the space 13792K,  62% used [0x29180000, 0x299dc308, 0x299dc400, 0x29ef8000)
 compacting perm gen  total 12288K, used 11614K [0x33c30000, 0x34830000, 0x37c30000)
   the space 12288K,  94% used [0x33c30000, 0x347878d8, 0x34787a00, 0x34830000)
    ro space 10240K,  42% used [0x37c30000, 0x38070ce0, 0x38070e00, 0x38630000)
    rw space 12288K,  54% used [0x38630000, 0x38cb0e30, 0x38cb1000, 0x39230000)
}

